{
  "RSpec": {
    "coverage": {
      "/Users/haleyswain/Desktop/MrFixIt-rails/app/models/worker.rb": [
        1,
        null,
        null,
        1,
        null,
        1,
        null
      ],
      "/Users/haleyswain/Desktop/MrFixIt-rails/app/models/application_record.rb": [
        1,
        1,
        null
      ],
      "/Users/haleyswain/Desktop/MrFixIt-rails/app/models/user.rb": [
        1,
        null,
        null,
        1,
        null,
        null
      ],
      "/Users/haleyswain/Desktop/MrFixIt-rails/app/helpers/application_helper.rb": [
        1,
        null
      ],
      "/Users/haleyswain/Desktop/MrFixIt-rails/app/models/job.rb": [
        1,
        1,
        null
      ],
      "/Users/haleyswain/Desktop/MrFixIt-rails/app/controllers/landing_controller.rb": [
        1,
        1,
        15,
        null,
        null
      ],
      "/Users/haleyswain/Desktop/MrFixIt-rails/app/controllers/application_controller.rb": [
        1,
        1,
        null
      ],
      "/Users/haleyswain/Desktop/MrFixIt-rails/app/controllers/jobs_controller.rb": [
        1,
        null,
        1,
        9,
        null,
        null,
        1,
        3,
        3,
        null,
        null,
        1,
        8,
        8,
        null,
        null,
        1,
        3,
        3,
        3,
        null,
        0,
        null,
        null,
        null,
        1,
        4,
        4,
        4,
        0,
        0,
        0,
        0,
        null,
        null,
        4,
        1,
        1,
        2,
        1,
        null,
        null,
        3,
        3,
        3,
        6,
        3,
        null,
        null,
        null,
        null,
        0,
        0,
        null,
        null,
        null,
        null,
        1,
        null,
        1,
        3,
        null,
        null,
        null
      ],
      "/Users/haleyswain/Desktop/MrFixIt-rails/app/controllers/workers_controller.rb": [
        1,
        1,
        2,
        2,
        2,
        2,
        2,
        null,
        null,
        null,
        1,
        null,
        1,
        0,
        0,
        1,
        null,
        0,
        0,
        null,
        1,
        null,
        null,
        null,
        null
      ]
    },
    "timestamp": 1488301638
  }
}
